This is pdfTeX, Version 3.1415926-2.5-1.40.14 (MiKTeX 2.9 64-bit) (preloaded format=pdflatex 2015.5.24)  2 JUL 2015 22:14
entering extended mode
**T5.tex
("F:\Internship\Task 5\T5.tex"
LaTeX2e <2011/06/27>
Babel <v3.8m> and hyphenation patterns for english, afrikaans, ancientgreek, ar
abic, armenian, assamese, basque, bengali, bokmal, bulgarian, catalan, coptic, 
croatian, czech, danish, dutch, esperanto, estonian, farsi, finnish, french, ga
lician, german, german-x-2013-05-26, greek, gujarati, hindi, hungarian, iceland
ic, indonesian, interlingua, irish, italian, kannada, kurmanji, latin, latvian,
 lithuanian, malayalam, marathi, mongolian, mongolianlmc, monogreek, ngerman, n
german-x-2013-05-26, nynorsk, oriya, panjabi, pinyin, polish, portuguese, roman
ian, russian, sanskrit, serbian, slovak, slovenian, spanish, swedish, swissgerm
an, tamil, telugu, turkish, turkmen, ukenglish, ukrainian, uppersorbian, usengl
ishmax, welsh, loaded.
("C:\Program Files\MiKTeX 2.9\tex\latex\base\article.cls"
Document Class: article 2007/10/19 v1.4h Standard LaTeX document class
("C:\Program Files\MiKTeX 2.9\tex\latex\base\size11.clo"
File: size11.clo 2007/10/19 v1.4h Standard LaTeX file (size option)
)
\c@part=\count79
\c@section=\count80
\c@subsection=\count81
\c@subsubsection=\count82
\c@paragraph=\count83
\c@subparagraph=\count84
\c@figure=\count85
\c@table=\count86
\abovecaptionskip=\skip41
\belowcaptionskip=\skip42
\bibindent=\dimen102
)
("C:\Program Files\MiKTeX 2.9\tex\latex\graphics\graphicx.sty"
Package: graphicx 1999/02/16 v1.0f Enhanced LaTeX Graphics (DPC,SPQR)

("C:\Program Files\MiKTeX 2.9\tex\latex\graphics\keyval.sty"
Package: keyval 1999/03/16 v1.13 key=value parser (DPC)
\KV@toks@=\toks14
)
("C:\Program Files\MiKTeX 2.9\tex\latex\graphics\graphics.sty"
Package: graphics 2009/02/05 v1.0o Standard LaTeX Graphics (DPC,SPQR)

("C:\Program Files\MiKTeX 2.9\tex\latex\graphics\trig.sty"
Package: trig 1999/03/16 v1.09 sin cos tan (DPC)
)
("C:\Program Files\MiKTeX 2.9\tex\latex\00miktex\graphics.cfg"
File: graphics.cfg 2007/01/18 v1.5 graphics configuration of teTeX/TeXLive
)
Package graphics Info: Driver file: pdftex.def on input line 91.

("C:\Program Files\MiKTeX 2.9\tex\latex\pdftex-def\pdftex.def"
File: pdftex.def 2011/05/27 v0.06d Graphics/color for pdfTeX

("C:\Program Files\MiKTeX 2.9\tex\generic\oberdiek\infwarerr.sty"
Package: infwarerr 2010/04/08 v1.3 Providing info/warning/error messages (HO)
)
("C:\Program Files\MiKTeX 2.9\tex\generic\oberdiek\ltxcmds.sty"
Package: ltxcmds 2011/11/09 v1.22 LaTeX kernel commands for general use (HO)
)
\Gread@gobject=\count87
))
\Gin@req@height=\dimen103
\Gin@req@width=\dimen104
)
("C:\Program Files\MiKTeX 2.9\tex\latex\url\url.sty"
\Urlmuskip=\muskip10
Package: url 2013/09/16  ver 3.4  Verb mode for urls, etc.
)
("C:\Program Files\MiKTeX 2.9\tex\latex\listings\listings.sty"
\lst@mode=\count88
\lst@gtempboxa=\box26
\lst@token=\toks15
\lst@length=\count89
\lst@currlwidth=\dimen105
\lst@column=\count90
\lst@pos=\count91
\lst@lostspace=\dimen106
\lst@width=\dimen107
\lst@newlines=\count92
\lst@lineno=\count93
\lst@maxwidth=\dimen108

("C:\Program Files\MiKTeX 2.9\tex\latex\listings\lstmisc.sty"
File: lstmisc.sty 2014/09/06 1.5e (Carsten Heinz)
\c@lstnumber=\count94
\lst@skipnumbers=\count95
\lst@framebox=\box27
)
("C:\Program Files\MiKTeX 2.9\tex\latex\listings\listings.cfg"
File: listings.cfg 2014/09/06 1.5e listings configuration
))
Package: listings 2014/09/06 1.5e (Carsten Heinz)

("F:\Internship\Task 5\T5.aux")
LaTeX Font Info:    Checking defaults for OML/cmm/m/it on input line 10.
LaTeX Font Info:    ... okay on input line 10.
LaTeX Font Info:    Checking defaults for T1/cmr/m/n on input line 10.
LaTeX Font Info:    ... okay on input line 10.
LaTeX Font Info:    Checking defaults for OT1/cmr/m/n on input line 10.
LaTeX Font Info:    ... okay on input line 10.
LaTeX Font Info:    Checking defaults for OMS/cmsy/m/n on input line 10.
LaTeX Font Info:    ... okay on input line 10.
LaTeX Font Info:    Checking defaults for OMX/cmex/m/n on input line 10.
LaTeX Font Info:    ... okay on input line 10.
LaTeX Font Info:    Checking defaults for U/cmr/m/n on input line 10.
LaTeX Font Info:    ... okay on input line 10.

("C:\Program Files\MiKTeX 2.9\tex\context\base\supp-pdf.mkii"
[Loading MPS to PDF converter (version 2006.09.02).]
\scratchcounter=\count96
\scratchdimen=\dimen109
\scratchbox=\box28
\nofMPsegments=\count97
\nofMParguments=\count98
\everyMPshowfont=\toks16
\MPscratchCnt=\count99
\MPscratchDim=\dimen110
\MPnumerator=\count100
\makeMPintoPDFobject=\count101
\everyMPtoPDFconversion=\toks17
)
\c@lstlisting=\count102
LaTeX Font Info:    External font `cmex10' loaded for size
(Font)              <12> on input line 11.
LaTeX Font Info:    External font `cmex10' loaded for size
(Font)              <8> on input line 11.
LaTeX Font Info:    External font `cmex10' loaded for size
(Font)              <6> on input line 11.
 [1

{C:/ProgramData/MiKTeX/2.9/pdftex/config/pdftex.map}]
("F:\Internship\Task 5\T5.toc"
LaTeX Font Info:    External font `cmex10' loaded for size
(Font)              <10.95> on input line 7.
)
\tf@toc=\write3
 [2]
Overfull \hbox (0.95384pt too wide) in paragraph at lines 16--17
\OT1/cmr/m/n/10.95 In this tu-to-rial we will learn to ac-cess IO pins of a por
t ex-pander (MCP23017)
 []

LaTeX Font Info:    Try loading font information for OMS+cmr on input line 19.
("C:\Program Files\MiKTeX 2.9\tex\latex\base\omscmr.fd"
File: omscmr.fd 1999/05/25 v2.5h Standard LaTeX font definitions
)
LaTeX Font Info:    Font shape `OMS/cmr/m/n' in size <10.95> not available
(Font)              Font shape `OMS/cmsy/m/n' tried instead on input line 19.
 [3]
<lcd.png, id=17, 339.2675pt x 295.1025pt>
File: lcd.png Graphic file (type png)
 <use lcd.png>
Package pdftex.def Info: lcd.png used on input line 56.
(pdftex.def)             Requested size: 305.33792pt x 265.58978pt.
 [4 <F:/Internship/Task 5/lcd.png>]
Missing character: There is no â in font cmr10!
Missing character: There is no € in font cmr10!
Missing character: There is no “ in font cmr10!

Overfull \hbox (91.58331pt too wide) in paragraph at lines 66--103
[][]  
 []

[5] [6] <i1.jpeg, id=28, 193.47281pt x 147.55125pt>
File: i1.jpeg Graphic file (type jpg)
 <use i1.jpeg>
Package pdftex.def Info: i1.jpeg used on input line 131.
(pdftex.def)             Requested size: 290.2085pt x 221.32631pt.
 [7 <F:/Internship/Task 5/i1.jpeg>]
("C:\Program Files\MiKTeX 2.9\tex\latex\listings\lstlang1.sty"
File: lstlang1.sty 2014/09/06 1.5e listings language file
)
("F:\Internship\Task 5\i2cls.py"
Overfull \hbox (106.47485pt too wide) in paragraph at lines 12--13
[][][][][][][][][][][][][][][][][][][][][][][][][][][][][][][] 
 []


Overfull \hbox (145.89526pt too wide) in paragraph at lines 20--21
[][][][][][][][][][][][][][][][][][][][][][][][][][][][][][][] 
 []


Overfull \hbox (14.4939pt too wide) in paragraph at lines 21--22
[][][][][][][] 
 []


Overfull \hbox (40.77417pt too wide) in paragraph at lines 22--23
[][][][][][][][][][][][][][][][][][][][][][][][][][][][][][][][][][] 
 []


Overfull \hbox (60.48438pt too wide) in paragraph at lines 31--32
[][][][][][][][][][][][][][][][][][][][][] 
 []

)
Overfull \hbox (47.34424pt too wide) in paragraph at lines 32--151
[][][][][][][][][][][][][][][][][][] 
 []

[8] <i2.PNG, id=36, 477.28313pt x 371.88937pt>
File: i2.PNG Graphic file (type png)
 <use i2.PNG>
Package pdftex.def Info: i2.PNG used on input line 156.
(pdftex.def)             Requested size: 334.0959pt x 260.32079pt.
 [9 <F:/Internship/Task 5/i2.PNG>] ("F:\Internship\Task 5\i2clcd.py"
Overfull \hbox (27.63403pt too wide) in paragraph at lines 1--2
[][][][][][][][][][][][][][][][][][][][][] 
 []


Overfull \hbox (93.33472pt too wide) in paragraph at lines 16--17
[][][][][][][][][][][][][][][][][][][][][][][][][][][][][][] 
 []


Overfull \hbox (47.34424pt too wide) in paragraph at lines 30--31
[][][][][][][][][][][][][][][][][][][][][][][][][][][][][] 
 []

[10]
Overfull \hbox (14.4939pt too wide) in paragraph at lines 62--63
[][][][][][][][][][][][][][][][][][][][][][][][][] 
 []


Overfull \hbox (67.05444pt too wide) in paragraph at lines 63--64
[][][][][][][][][][][][][][][][][][][][][][][] 
 []


Overfull \hbox (53.9143pt too wide) in paragraph at lines 65--66
[][][][][][][][][][][][][][][][][][][][][][][][][][][] 
 []


Overfull \hbox (47.34424pt too wide) in paragraph at lines 66--67
[][][][][][][][][][][][][][][][][][][][][][][][][][][][][] 
 []


Overfull \hbox (113.04492pt too wide) in paragraph at lines 76--77
[][][][][][][][][][][][][][][][][][][][][][][][][][][][][][][] 
 []


Overfull \hbox (93.33472pt too wide) in paragraph at lines 85--86
[][][][][][][][][][][][][][][][][][][][][][][] 
 []


Overfull \hbox (67.05444pt too wide) in paragraph at lines 87--88
[][][][][][][][][][][][][][][][][][][][][][][][][][][] 
 []

[11]
Overfull \hbox (86.76465pt too wide) in paragraph at lines 88--89
[][][][][][][][][][][][][][][][][][][][][][][][][][][] 
 []


Overfull \hbox (86.76465pt too wide) in paragraph at lines 89--90
[][][][][][][][][][][][][][][][][][][][][][][][][][][][][][][][][] 
 []


Overfull \hbox (53.9143pt too wide) in paragraph at lines 96--97
[][][][][][][][][][][][][][][][][][][][][][][][][][] 
 []


Overfull \hbox (40.77417pt too wide) in paragraph at lines 97--98
[][][][][][][][][][][][][][] 
 []


Overfull \hbox (40.77417pt too wide) in paragraph at lines 114--115
[][][][][][][][][][][][][][][][][][][][][][][][][][][][][] 
 []


Overfull \hbox (27.63403pt too wide) in paragraph at lines 115--116
[][][][][][][][][][][][][][][][][][][][][][][][][] 
 []


Overfull \hbox (1.35376pt too wide) in paragraph at lines 116--117
[][][][][][][][][][][][][][][][][][][][][][][] 
 []


Overfull \hbox (60.48438pt too wide) in paragraph at lines 127--128
[][][][][][][][][][][][][][][][][][][][][][][][][][][][][][] 
 []

[12]
Overfull \hbox (60.48438pt too wide) in paragraph at lines 135--136
[][][][][][][][][][][][][][][][][][][][][][][][][][] 
 []


Overfull \hbox (80.19458pt too wide) in paragraph at lines 138--139
[][][][][][][][][][][][][][][][][][][][][][][][][][][][][][][][][][][][][] 
 []


Overfull \hbox (80.19458pt too wide) in paragraph at lines 139--140
[][][][][][][][][][][][][][][][][][][][][][][][][][][][][][][][][] 
 []


Overfull \hbox (93.33472pt too wide) in paragraph at lines 140--141
[][][][][][][][][][][][][][][][][][][][][][][][][][][][][] 
 []


Overfull \hbox (106.47485pt too wide) in paragraph at lines 155--156
[][][][][][][][][][][][][][][][][][][][][][][][][][][][][][][] 
 []


Overfull \hbox (34.2041pt too wide) in paragraph at lines 156--157
[][][][][][][][][][][][][][][][][][][][][][][][][][][][][][][] 
 []


Overfull \hbox (80.19458pt too wide) in paragraph at lines 157--158
[][][][][][][][][][][][][][][][][][][][][][][][][][][][][][][][][][][][][][][] 

 []


Overfull \hbox (73.62451pt too wide) in paragraph at lines 158--159
[][][][][][][][][][][][][][][][][][][][][][][][][][][][][][][][][] 
 []


Overfull \hbox (40.77417pt too wide) in paragraph at lines 159--160
[][][][][][][][][][][][][][][][][][][][][][][][][] 
 []

[13]) [14] <RaspberryPi2_pinout.jpg, id=58, 570.13pt x 415.5525pt>
File: RaspberryPi2_pinout.jpg Graphic file (type jpg)

<use RaspberryPi2_pinout.jpg>
Package pdftex.def Info: RaspberryPi2_pinout.jpg used on input line 187.
(pdftex.def)             Requested size: 342.08064pt x 249.33342pt.
 [15 <F:/Internship/Task 5/RaspberryPi2_pinout.jpg>] [16] ("F:\Internship\Task 
5\T5.aux") ) 
Here is how much of TeX's memory you used:
 2692 strings out of 493921
 36636 string characters out of 3147276
 140291 words of memory out of 3000000
 5985 multiletter control sequences out of 15000+200000
 9325 words of font info for 33 fonts, out of 3000000 for 9000
 841 hyphenation exceptions out of 8191
 27i,7n,43p,616b,1478s stack positions out of 5000i,500n,10000p,200000b,50000s
<C:/Program Files/MiKTeX 2.9/fonts/type1/public/amsfonts/cm/cmbx10.
pfb><C:/Program Files/MiKTeX 2.9/fonts/type1/public/amsfonts/cm/cmbx12.pfb><C:/
Program Files/MiKTeX 2.9/fonts/type1/public/amsfonts/cm/cmr10.pfb><C:/Program F
iles/MiKTeX 2.9/fonts/type1/public/amsfonts/cm/cmr12.pfb><C:/Program Files/MiKT
eX 2.9/fonts/type1/public/amsfonts/cm/cmr17.pfb><C:/Program Files/MiKTeX 2.9/fo
nts/type1/public/amsfonts/cm/cmsy10.pfb><C:/Program Files/MiKTeX 2.9/fonts/type
1/public/amsfonts/cm/cmti10.pfb><C:/Program Files/MiKTeX 2.9/fonts/type1/public
/amsfonts/cm/cmtt10.pfb>
Output written on T5.pdf (16 pages, 384983 bytes).
PDF statistics:
 92 PDF objects out of 1000 (max. 8388607)
 0 named destinations out of 1000 (max. 500000)
 21 words of extra memory for PDF output out of 10000 (max. 10000000)

