This is pdfTeX, Version 3.1415926-2.5-1.40.14 (MiKTeX 2.9 64-bit) (preloaded format=pdflatex 2015.5.24)  4 JUN 2015 12:33
entering extended mode
**T1.tex
("F:\Internship\Task 1\T1.tex"
LaTeX2e <2011/06/27>
Babel <v3.8m> and hyphenation patterns for english, afrikaans, ancientgreek, ar
abic, armenian, assamese, basque, bengali, bokmal, bulgarian, catalan, coptic, 
croatian, czech, danish, dutch, esperanto, estonian, farsi, finnish, french, ga
lician, german, german-x-2013-05-26, greek, gujarati, hindi, hungarian, iceland
ic, indonesian, interlingua, irish, italian, kannada, kurmanji, latin, latvian,
 lithuanian, malayalam, marathi, mongolian, mongolianlmc, monogreek, ngerman, n
german-x-2013-05-26, nynorsk, oriya, panjabi, pinyin, polish, portuguese, roman
ian, russian, sanskrit, serbian, slovak, slovenian, spanish, swedish, swissgerm
an, tamil, telugu, turkish, turkmen, ukenglish, ukrainian, uppersorbian, usengl
ishmax, welsh, loaded.
("C:\Program Files\MiKTeX 2.9\tex\latex\base\report.cls"
Document Class: report 2007/10/19 v1.4h Standard LaTeX document class
("C:\Program Files\MiKTeX 2.9\tex\latex\base\size11.clo"
File: size11.clo 2007/10/19 v1.4h Standard LaTeX file (size option)
)
\c@part=\count79
\c@chapter=\count80
\c@section=\count81
\c@subsection=\count82
\c@subsubsection=\count83
\c@paragraph=\count84
\c@subparagraph=\count85
\c@figure=\count86
\c@table=\count87
\abovecaptionskip=\skip41
\belowcaptionskip=\skip42
\bibindent=\dimen102
)
("C:\Program Files\MiKTeX 2.9\tex\latex\url\url.sty"
\Urlmuskip=\muskip10
Package: url 2013/09/16  ver 3.4  Verb mode for urls, etc.
)
("C:\Program Files\MiKTeX 2.9\tex\latex\graphics\graphicx.sty"
Package: graphicx 1999/02/16 v1.0f Enhanced LaTeX Graphics (DPC,SPQR)

("C:\Program Files\MiKTeX 2.9\tex\latex\graphics\keyval.sty"
Package: keyval 1999/03/16 v1.13 key=value parser (DPC)
\KV@toks@=\toks14
)
("C:\Program Files\MiKTeX 2.9\tex\latex\graphics\graphics.sty"
Package: graphics 2009/02/05 v1.0o Standard LaTeX Graphics (DPC,SPQR)

("C:\Program Files\MiKTeX 2.9\tex\latex\graphics\trig.sty"
Package: trig 1999/03/16 v1.09 sin cos tan (DPC)
)
("C:\Program Files\MiKTeX 2.9\tex\latex\00miktex\graphics.cfg"
File: graphics.cfg 2007/01/18 v1.5 graphics configuration of teTeX/TeXLive
)
Package graphics Info: Driver file: pdftex.def on input line 91.

("C:\Program Files\MiKTeX 2.9\tex\latex\pdftex-def\pdftex.def"
File: pdftex.def 2011/05/27 v0.06d Graphics/color for pdfTeX

("C:\Program Files\MiKTeX 2.9\tex\generic\oberdiek\infwarerr.sty"
Package: infwarerr 2010/04/08 v1.3 Providing info/warning/error messages (HO)
)
("C:\Program Files\MiKTeX 2.9\tex\generic\oberdiek\ltxcmds.sty"
Package: ltxcmds 2011/11/09 v1.22 LaTeX kernel commands for general use (HO)
)
\Gread@gobject=\count88
))
\Gin@req@height=\dimen103
\Gin@req@width=\dimen104
)
("F:\Internship\Task 1\T1.aux")
LaTeX Font Info:    Checking defaults for OML/cmm/m/it on input line 9.
LaTeX Font Info:    ... okay on input line 9.
LaTeX Font Info:    Checking defaults for T1/cmr/m/n on input line 9.
LaTeX Font Info:    ... okay on input line 9.
LaTeX Font Info:    Checking defaults for OT1/cmr/m/n on input line 9.
LaTeX Font Info:    ... okay on input line 9.
LaTeX Font Info:    Checking defaults for OMS/cmsy/m/n on input line 9.
LaTeX Font Info:    ... okay on input line 9.
LaTeX Font Info:    Checking defaults for OMX/cmex/m/n on input line 9.
LaTeX Font Info:    ... okay on input line 9.
LaTeX Font Info:    Checking defaults for U/cmr/m/n on input line 9.
LaTeX Font Info:    ... okay on input line 9.

("C:\Program Files\MiKTeX 2.9\tex\context\base\supp-pdf.mkii"
[Loading MPS to PDF converter (version 2006.09.02).]
\scratchcounter=\count89
\scratchdimen=\dimen105
\scratchbox=\box26
\nofMPsegments=\count90
\nofMParguments=\count91
\everyMPshowfont=\toks15
\MPscratchCnt=\count92
\MPscratchDim=\dimen106
\MPnumerator=\count93
\makeMPintoPDFobject=\count94
\everyMPtoPDFconversion=\toks16
)
LaTeX Font Info:    External font `cmex10' loaded for size
(Font)              <12> on input line 10.
LaTeX Font Info:    External font `cmex10' loaded for size
(Font)              <8> on input line 10.
LaTeX Font Info:    External font `cmex10' loaded for size
(Font)              <6> on input line 10.
 [1

{C:/ProgramData/MiKTeX/2.9/pdftex/config/pdftex.map}]
("F:\Internship\Task 1\T1.toc"
LaTeX Font Info:    External font `cmex10' loaded for size
(Font)              <10.95> on input line 1.
)
\tf@toc=\write3
 [1

]
LaTeX Font Info:    Try loading font information for OMS+cmr on input line 18.

("C:\Program Files\MiKTeX 2.9\tex\latex\base\omscmr.fd"
File: omscmr.fd 1999/05/25 v2.5h Standard LaTeX font definitions
)
LaTeX Font Info:    Font shape `OMS/cmr/m/n' in size <10.95> not available
(Font)              Font shape `OMS/cmsy/m/n' tried instead on input line 18.
 [2]
Missing character: There is no â in font cmr10!
Missing character: There is no € in font cmr10!
Missing character: There is no ™ in font cmr10!
Missing character: There is no â in font cmr10!
Missing character: There is no € in font cmr10!
Missing character: There is no ™ in font cmr10!

<Differentmodels.jpg, id=16, 1505.625pt x 1506.62875pt>
File: Differentmodels.jpg Graphic file (type jpg)

<use Differentmodels.jpg>
Package pdftex.def Info: Differentmodels.jpg used on input line 41.
(pdftex.def)             Requested size: 284.52756pt x 284.72215pt.
 [3 <F:/Internship/Task 1/Differentmodels.jpg>]
<Pi2.png, id=20, 361.35pt x 237.5274pt>
File: Pi2.png Graphic file (type png)
 <use Pi2.png>
Package pdftex.def Info: Pi2.png used on input line 49.
(pdftex.def)             Requested size: 284.52756pt x 187.03206pt.

Underfull \hbox (badness 10000) in paragraph at lines 77--77
[]\OT1/cmr/m/n/10.95 Generation 2
 []


Underfull \hbox (badness 10000) in paragraph at lines 77--77
[]\OT1/cmr/bx/n/10.95 Target
 []


Underfull \hbox (badness 10000) in paragraph at lines 77--77
\OT1/cmr/bx/n/10.95 price(in
 []


Underfull \hbox (badness 10000) in paragraph at lines 77--77
[]\OT1/cmr/m/n/10.95 Broadcom
 []


Underfull \hbox (badness 10000) in paragraph at lines 77--77
\OT1/cmr/m/n/10.95 BCM2835
 []


Underfull \hbox (badness 10000) in paragraph at lines 77--77
\OT1/cmr/m/n/10.95 (CPU, GPU,
 []


Underfull \hbox (badness 10000) in paragraph at lines 77--77
[]\OT1/cmr/m/n/10.95 Broadcom
 []


Underfull \hbox (badness 10000) in paragraph at lines 77--77
\OT1/cmr/m/n/10.95 BCM2835
 []


Underfull \hbox (badness 10000) in paragraph at lines 77--77
\OT1/cmr/m/n/10.95 (CPU, GPU,
 []


Underfull \hbox (badness 10000) in paragraph at lines 77--77
[]\OT1/cmr/m/n/10.95 Broadcom
 []


Underfull \hbox (badness 10000) in paragraph at lines 77--77
\OT1/cmr/m/n/10.95 BCM2835
 []


Underfull \hbox (badness 10000) in paragraph at lines 77--77
\OT1/cmr/m/n/10.95 (CPU, GPU,
 []


Underfull \hbox (badness 10000) in paragraph at lines 77--77
[]\OT1/cmr/m/n/10.95 Broadcom
 []


Underfull \hbox (badness 10000) in paragraph at lines 77--77
\OT1/cmr/m/n/10.95 BCM2835
 []


Underfull \hbox (badness 10000) in paragraph at lines 77--77
\OT1/cmr/m/n/10.95 (CPU, GPU,
 []


Underfull \hbox (badness 10000) in paragraph at lines 77--77
[]\OT1/cmr/m/n/10.95 Broadcom
 []


Underfull \hbox (badness 10000) in paragraph at lines 77--77
\OT1/cmr/m/n/10.95 BCM2836
 []


Underfull \hbox (badness 10000) in paragraph at lines 77--77
\OT1/cmr/m/n/10.95 (CPU, GPU,
 []


Underfull \hbox (badness 10000) in paragraph at lines 77--77
[]\OT1/cmr/m/n/10.95 700 MHz
 []


Underfull \hbox (badness 10000) in paragraph at lines 77--77
\OT1/cmr/m/n/10.95 single-core
 []


Underfull \hbox (badness 10000) in paragraph at lines 77--77
\OT1/cmr/m/n/10.95 ARM1176JZF-
 []


Underfull \hbox (badness 10000) in paragraph at lines 77--77
[]\OT1/cmr/m/n/10.95 700 MHz
 []


Underfull \hbox (badness 10000) in paragraph at lines 77--77
\OT1/cmr/m/n/10.95 single-core
 []


Underfull \hbox (badness 10000) in paragraph at lines 77--77
\OT1/cmr/m/n/10.95 ARM1176JZF-
 []


Underfull \hbox (badness 10000) in paragraph at lines 77--77
[]\OT1/cmr/m/n/10.95 700 MHz
 []


Underfull \hbox (badness 10000) in paragraph at lines 77--77
\OT1/cmr/m/n/10.95 single-core
 []


Underfull \hbox (badness 10000) in paragraph at lines 77--77
\OT1/cmr/m/n/10.95 ARM1176JZF-
 []


Underfull \hbox (badness 10000) in paragraph at lines 77--77
[]\OT1/cmr/m/n/10.95 700 MHz
 []


Underfull \hbox (badness 10000) in paragraph at lines 77--77
\OT1/cmr/m/n/10.95 single-core
 []


Underfull \hbox (badness 10000) in paragraph at lines 77--77
\OT1/cmr/m/n/10.95 ARM1176JZF-
 []


Underfull \hbox (badness 10000) in paragraph at lines 77--77
\OT1/cmr/m/n/10.95 core ARM
 []


Underfull \hbox (badness 10000) in paragraph at lines 77--77
[]\OT1/cmr/bx/n/10.95 Memory
 []


Underfull \hbox (badness 10000) in paragraph at lines 77--77
[]\OT1/cmr/m/n/10.95 256 MB
 []


Underfull \hbox (badness 10000) in paragraph at lines 77--77
\OT1/cmr/m/n/10.95 (shared with
 []


Underfull \hbox (badness 10000) in paragraph at lines 77--77
[]\OT1/cmr/m/n/10.95 256 MB
 []


Underfull \hbox (badness 10000) in paragraph at lines 77--77
\OT1/cmr/m/n/10.95 (shared with
 []


Underfull \hbox (badness 10000) in paragraph at lines 77--77
[]\OT1/cmr/m/n/10.95 512 MB
 []


Underfull \hbox (badness 10000) in paragraph at lines 77--77
\OT1/cmr/m/n/10.95 (shared with
 []


Underfull \hbox (badness 10000) in paragraph at lines 77--77
[]\OT1/cmr/m/n/10.95 512 MB
 []


Underfull \hbox (badness 10000) in paragraph at lines 77--77
\OT1/cmr/m/n/10.95 (shared with
 []


Underfull \hbox (badness 10000) in paragraph at lines 77--77
[]\OT1/cmr/bx/n/10.95 USB 2.0
 []


Underfull \hbox (badness 10000) in paragraph at lines 77--77
\OT1/cmr/m/n/10.95 BCM2835
 []


Underfull \hbox (badness 10000) in paragraph at lines 77--77
\OT1/cmr/m/n/10.95 BCM2835
 []


Underfull \hbox (badness 10000) in paragraph at lines 77--77
\OT1/cmr/m/n/10.95 board 3-port
 []


Underfull \hbox (badness 10000) in paragraph at lines 77--77
\OT1/cmr/m/n/10.95 board 5-port
 []


Underfull \hbox (badness 10000) in paragraph at lines 77--77
\OT1/cmr/m/n/10.95 board 5-port
 []


Underfull \hbox (badness 10000) in paragraph at lines 77--77
[]\OT1/cmr/bx/n/10.95 On-board
 []


Underfull \hbox (badness 10000) in paragraph at lines 77--77
\OT1/cmr/m/n/10.95 (3.3 V with
 []


Underfull \hbox (badness 10000) in paragraph at lines 77--77
\OT1/cmr/m/n/10.95 card power
 []


Underfull \hbox (badness 10000) in paragraph at lines 77--77
[]\OT1/cmr/m/n/10.95 MicroSD
 []


Underfull \hbox (badness 10000) in paragraph at lines 77--77
[]\OT1/cmr/bx/n/10.95 On-board
 []


Underfull \hbox (badness 10000) in paragraph at lines 77--77
\OT1/cmr/m/n/10.95 Eth-er-net
 []


Underfull \hbox (badness 10000) in paragraph at lines 77--77
\OT1/cmr/m/n/10.95 (8P8C) USB
 []


Underfull \hbox (badness 10000) in paragraph at lines 77--77
\OT1/cmr/m/n/10.95 of the USB
 []


Underfull \hbox (badness 10000) in paragraph at lines 77--77
\OT1/cmr/m/n/10.95 hub (SMSC
 []


Underfull \hbox (badness 10000) in paragraph at lines 77--77
\OT1/cmr/m/n/10.95 Eth-er-net
 []


Underfull \hbox (badness 10000) in paragraph at lines 77--77
\OT1/cmr/m/n/10.95 (8P8C) USB
 []


Underfull \hbox (badness 10000) in paragraph at lines 77--77
\OT1/cmr/m/n/10.95 of the USB
 []


Underfull \hbox (badness 10000) in paragraph at lines 77--77
\OT1/cmr/m/n/10.95 hub (SMSC
 []


Underfull \hbox (badness 10000) in paragraph at lines 77--77
\OT1/cmr/m/n/10.95 Eth-er-net
 []


Underfull \hbox (badness 10000) in paragraph at lines 77--77
\OT1/cmr/m/n/10.95 (8P8C) USB
 []


Underfull \hbox (badness 10000) in paragraph at lines 77--77
\OT1/cmr/m/n/10.95 of the USB
 []


Underfull \hbox (badness 10000) in paragraph at lines 77--77
\OT1/cmr/m/n/10.95 hub (SMSC
 []

Missing character: There is no Ã in font cmr10!
Missing character: There is no — in font cmr10!
Missing character: There is no Ã in font cmr10!
Missing character: There is no — in font cmr10!

Underfull \hbox (badness 3199) in paragraph at lines 77--77
\OT1/cmr/m/n/10.95 and HAT ID
 []

Missing character: There is no Ã in font cmr10!
Missing character: There is no — in font cmr10!
Missing character: There is no Ã in font cmr10!
Missing character: There is no — in font cmr10!
Missing character: There is no Ã in font cmr10!
Missing character: There is no — in font cmr10!

Underfull \hbox (badness 10000) in paragraph at lines 77--77
[]\OT1/cmr/bx/n/10.95 Power rat-
 []


Underfull \hbox (badness 4467) in paragraph at lines 77--77
[]\OT1/cmr/m/n/10.95 300 mA (1.5
 []


Underfull \hbox (badness 4467) in paragraph at lines 77--77
[]\OT1/cmr/m/n/10.95 700 mA (3.5
 []


Underfull \hbox (badness 4467) in paragraph at lines 77--77
[]\OT1/cmr/m/n/10.95 600 mA (3.0
 []


Underfull \hbox (badness 10000) in paragraph at lines 77--77
[]\OT1/cmr/m/n/10.95 800 mA(4.0
 []

[4 <F:/Internship/Task 1/Pi2.png>] [5] [6] [7]
<2.PNG, id=38, 479.54156pt x 192.72pt>
File: 2.PNG Graphic file (type png)
 <use 2.PNG>
Package pdftex.def Info: 2.PNG used on input line 131.
(pdftex.def)             Requested size: 287.72716pt x 115.63287pt.

<3.PNG, id=39, 481.8pt x 193.47281pt>
File: 3.PNG Graphic file (type png)
 <use 3.PNG>
Package pdftex.def Info: 3.PNG used on input line 137.
(pdftex.def)             Requested size: 289.08221pt x 116.08458pt.

<4.PNG, id=40, 481.04718pt x 192.72pt>
File: 4.PNG Graphic file (type png)
 <use 4.PNG>
Package pdftex.def Info: 4.PNG used on input line 144.
(pdftex.def)             Requested size: 288.63054pt x 115.63287pt.


LaTeX Warning: `!h' float specifier changed to `!ht'.

[8 <F:/Internship/Task 1/2.PNG> <F:/Internship/Task 1/3.PNG>]
<Keyboard-Change2.PNG, id=46, 433.62pt x 635.37375pt>
File: Keyboard-Change2.PNG Graphic file (type png)

<use Keyboard-Change2.PNG>
Package pdftex.def Info: Keyboard-Change2.PNG used on input line 150.
(pdftex.def)             Requested size: 284.54257pt x 284.53885pt.

<Keyboard-Change3.PNG, id=47, 448.67625pt x 292.84406pt>
File: Keyboard-Change3.PNG Graphic file (type png)

<use Keyboard-Change3.PNG>
Package pdftex.def Info: Keyboard-Change3.PNG used on input line 155.
(pdftex.def)             Requested size: 269.20782pt x 175.70778pt.


LaTeX Warning: `!h' float specifier changed to `!ht'.

[9 <F:/Internship/Task 1/4.PNG> <F:/Internship/Task 1/Keyboard-Change2.PNG>]
[10 <F:/Internship/Task 1/Keyboard-Change3.PNG>] ("F:\Internship\Task 1\T1.aux"
) ) 
Here is how much of TeX's memory you used:
 1284 strings out of 493921
 16701 string characters out of 3147276
 84469 words of memory out of 3000000
 4600 multiletter control sequences out of 15000+200000
 9585 words of font info for 34 fonts, out of 3000000 for 9000
 841 hyphenation exceptions out of 8191
 27i,9n,19p,746b,353s stack positions out of 5000i,500n,10000p,200000b,50000s
<C:/Program Files/MiKTeX 2.9/fonts/type1/public/amsfonts/cm/cmbx10.pfb><C:/P
rogram Files/MiKTeX 2.9/fonts/type1/public/amsfonts/cm/cmbx12.pfb><C:/Program F
iles/MiKTeX 2.9/fonts/type1/public/amsfonts/cm/cmr10.pfb><C:/Program Files/MiKT
eX 2.9/fonts/type1/public/amsfonts/cm/cmr12.pfb><C:/Program Files/MiKTeX 2.9/fo
nts/type1/public/amsfonts/cm/cmr17.pfb><C:/Program Files/MiKTeX 2.9/fonts/type1
/public/amsfonts/cm/cmsy10.pfb><C:/Program Files/MiKTeX 2.9/fonts/type1/public/
amsfonts/cm/cmtt10.pfb>
Output written on T1.pdf (11 pages, 5193775 bytes).
PDF statistics:
 80 PDF objects out of 1000 (max. 8388607)
 0 named destinations out of 1000 (max. 500000)
 36 words of extra memory for PDF output out of 10000 (max. 10000000)

