This is pdfTeX, Version 3.1415926-2.5-1.40.14 (MiKTeX 2.9 64-bit) (preloaded format=pdflatex 2015.5.24)  8 JUL 2015 13:21
entering extended mode
**document.tex
("F:\Internship\1st Doc\document.tex"
LaTeX2e <2011/06/27>
Babel <v3.8m> and hyphenation patterns for english, afrikaans, ancientgreek, ar
abic, armenian, assamese, basque, bengali, bokmal, bulgarian, catalan, coptic, 
croatian, czech, danish, dutch, esperanto, estonian, farsi, finnish, french, ga
lician, german, german-x-2013-05-26, greek, gujarati, hindi, hungarian, iceland
ic, indonesian, interlingua, irish, italian, kannada, kurmanji, latin, latvian,
 lithuanian, malayalam, marathi, mongolian, mongolianlmc, monogreek, ngerman, n
german-x-2013-05-26, nynorsk, oriya, panjabi, pinyin, polish, portuguese, roman
ian, russian, sanskrit, serbian, slovak, slovenian, spanish, swedish, swissgerm
an, tamil, telugu, turkish, turkmen, ukenglish, ukrainian, uppersorbian, usengl
ishmax, welsh, loaded.
("C:\Program Files\MiKTeX 2.9\tex\latex\base\article.cls"
Document Class: article 2007/10/19 v1.4h Standard LaTeX document class
("C:\Program Files\MiKTeX 2.9\tex\latex\base\size11.clo"
File: size11.clo 2007/10/19 v1.4h Standard LaTeX file (size option)
)
\c@part=\count79
\c@section=\count80
\c@subsection=\count81
\c@subsubsection=\count82
\c@paragraph=\count83
\c@subparagraph=\count84
\c@figure=\count85
\c@table=\count86
\abovecaptionskip=\skip41
\belowcaptionskip=\skip42
\bibindent=\dimen102
)
("C:\Program Files\MiKTeX 2.9\tex\latex\graphics\graphicx.sty"
Package: graphicx 1999/02/16 v1.0f Enhanced LaTeX Graphics (DPC,SPQR)

("C:\Program Files\MiKTeX 2.9\tex\latex\graphics\keyval.sty"
Package: keyval 1999/03/16 v1.13 key=value parser (DPC)
\KV@toks@=\toks14
)
("C:\Program Files\MiKTeX 2.9\tex\latex\graphics\graphics.sty"
Package: graphics 2009/02/05 v1.0o Standard LaTeX Graphics (DPC,SPQR)

("C:\Program Files\MiKTeX 2.9\tex\latex\graphics\trig.sty"
Package: trig 1999/03/16 v1.09 sin cos tan (DPC)
)
("C:\Program Files\MiKTeX 2.9\tex\latex\00miktex\graphics.cfg"
File: graphics.cfg 2007/01/18 v1.5 graphics configuration of teTeX/TeXLive
)
Package graphics Info: Driver file: pdftex.def on input line 91.

("C:\Program Files\MiKTeX 2.9\tex\latex\pdftex-def\pdftex.def"
File: pdftex.def 2011/05/27 v0.06d Graphics/color for pdfTeX

("C:\Program Files\MiKTeX 2.9\tex\generic\oberdiek\infwarerr.sty"
Package: infwarerr 2010/04/08 v1.3 Providing info/warning/error messages (HO)
)
("C:\Program Files\MiKTeX 2.9\tex\generic\oberdiek\ltxcmds.sty"
Package: ltxcmds 2011/11/09 v1.22 LaTeX kernel commands for general use (HO)
)
\Gread@gobject=\count87
))
\Gin@req@height=\dimen103
\Gin@req@width=\dimen104
)
("F:\Internship\1st Doc\document.aux")
LaTeX Font Info:    Checking defaults for OML/cmm/m/it on input line 8.
LaTeX Font Info:    ... okay on input line 8.
LaTeX Font Info:    Checking defaults for T1/cmr/m/n on input line 8.
LaTeX Font Info:    ... okay on input line 8.
LaTeX Font Info:    Checking defaults for OT1/cmr/m/n on input line 8.
LaTeX Font Info:    ... okay on input line 8.
LaTeX Font Info:    Checking defaults for OMS/cmsy/m/n on input line 8.
LaTeX Font Info:    ... okay on input line 8.
LaTeX Font Info:    Checking defaults for OMX/cmex/m/n on input line 8.
LaTeX Font Info:    ... okay on input line 8.
LaTeX Font Info:    Checking defaults for U/cmr/m/n on input line 8.
LaTeX Font Info:    ... okay on input line 8.

("C:\Program Files\MiKTeX 2.9\tex\context\base\supp-pdf.mkii"
[Loading MPS to PDF converter (version 2006.09.02).]
\scratchcounter=\count88
\scratchdimen=\dimen105
\scratchbox=\box26
\nofMPsegments=\count89
\nofMParguments=\count90
\everyMPshowfont=\toks15
\MPscratchCnt=\count91
\MPscratchDim=\dimen106
\MPnumerator=\count92
\makeMPintoPDFobject=\count93
\everyMPtoPDFconversion=\toks16
)
LaTeX Font Info:    External font `cmex10' loaded for size
(Font)              <12> on input line 9.
LaTeX Font Info:    External font `cmex10' loaded for size
(Font)              <8> on input line 9.
LaTeX Font Info:    External font `cmex10' loaded for size
(Font)              <6> on input line 9.
 [1

{C:/ProgramData/MiKTeX/2.9/pdftex/config/pdftex.map}]
("F:\Internship\1st Doc\document.toc"
LaTeX Font Info:    External font `cmex10' loaded for size
(Font)              <10.95> on input line 6.
)
\tf@toc=\write3
 [2]
LaTeX Font Info:    Try loading font information for OMS+cmr on input line 17.

("C:\Program Files\MiKTeX 2.9\tex\latex\base\omscmr.fd"
File: omscmr.fd 1999/05/25 v2.5h Standard LaTeX font definitions
)
LaTeX Font Info:    Font shape `OMS/cmr/m/n' in size <10.95> not available
(Font)              Font shape `OMS/cmsy/m/n' tried instead on input line 17.
 [3]
<7805.jpg, id=17, 931.22906pt x 400.49625pt>
File: 7805.jpg Graphic file (type jpg)
 <use 7805.jpg>
Package pdftex.def Info: 7805.jpg used on input line 56.
(pdftex.def)             Requested size: 372.48503pt x 160.19566pt.

Overfull \hbox (12.48503pt too wide) in paragraph at lines 56--58
[][] 
 []

<1585.jpg, id=18, 915.42pt x 429.10312pt>
File: 1585.jpg Graphic file (type jpg)
 <use 1585.jpg>
Package pdftex.def Info: 1585.jpg used on input line 78.
(pdftex.def)             Requested size: 448.55972pt x 210.26236pt.

Overfull \hbox (88.55972pt too wide) in paragraph at lines 78--79
[][] 
 []


LaTeX Warning: `!h' float specifier changed to `!ht'.

[4 <F:/Internship/1st Doc/7805.jpg>]
Missing character: There is no Î in font cmr10!
Missing character: There is no ¼ in font cmr10!
Missing character: There is no Î in font cmr10!
Missing character: There is no © in font cmr10!

<adj1585.jpg, id=22, 915.42pt x 429.10312pt>
File: adj1585.jpg Graphic file (type jpg)
 <use adj1585.jpg>
Package pdftex.def Info: adj1585.jpg used on input line 97.
(pdftex.def)             Requested size: 393.62292pt x 184.51074pt.

Overfull \hbox (33.62292pt too wide) in paragraph at lines 97--98
[][] 
 []


LaTeX Warning: `!h' float specifier changed to `!ht'.


Overfull \hbox (2.93082pt too wide) in paragraph at lines 106--108
\OT1/cmr/m/n/10.95 The whole Raspberry-Pi as-sem-bly and pay-load are pow-ered 
by 9.6V recharge-
 []

[5 <F:/Internship/1st Doc/1585.jpg>] [6 <F:/Internship/1st Doc/adj1585.jpg>]
<3914.jpg, id=29, 954.56625pt x 588.1975pt>
File: 3914.jpg Graphic file (type jpg)
 <use 3914.jpg>
Package pdftex.def Info: 3914.jpg used on input line 133.
(pdftex.def)             Requested size: 477.28197pt x 294.09802pt.

Overfull \hbox (117.28197pt too wide) in paragraph at lines 133--135
 [][] 
 []

[7 <F:/Internship/1st Doc/3914.jpg>]
<eq.jpg, id=34, 637.63219pt x 268.75406pt>
File: eq.jpg Graphic file (type jpg)
 <use eq.jpg>
Package pdftex.def Info: eq.jpg used on input line 139.
(pdftex.def)             Requested size: 191.29112pt x 80.62683pt.

Overfull \hbox (0.59001pt too wide) in paragraph at lines 148--150
\OT1/cmr/m/n/10.95 ness of the LEDs.Increasing the value of re-sis-tance de-cre
ases the bright-
 []

[8 <F:/Internship/1st Doc/eq.jpg>] <im1.jpg, id=38, 963.6pt x 541.27219pt>
File: im1.jpg Graphic file (type jpg)

<use im1.jpg>
Package pdftex.def Info: im1.jpg used on input line 163.
(pdftex.def)             Requested size: 289.08223pt x 162.3829pt.
 <im2.jpg, id=39, 541.27219pt x 963.6pt>
File: im2.jpg Graphic file (type jpg)
 <use im2.jpg>
Package pdftex.def Info: im2.jpg used on input line 168.
(pdftex.def)             Requested size: 162.3829pt x 289.08223pt.
 [9 <F:/Internship/1st Doc/im1.jpg> <F:/Internship/1st Doc/im2.jpg>]
<sch.jpg, id=43, 583.42969pt x 487.8225pt>
File: sch.jpg Graphic file (type jpg)
 <use sch.jpg>
Package pdftex.def Info: sch.jpg used on input line 179.
(pdftex.def)             Requested size: 291.71413pt x 243.91064pt.

<pcb.jpg, id=44, 506.6428pt x 401.24907pt>
File: pcb.jpg Graphic file (type jpg)
 <use pcb.jpg>
Package pdftex.def Info: pcb.jpg used on input line 189.
(pdftex.def)             Requested size: 253.32079pt x 200.62404pt.


LaTeX Warning: `!h' float specifier changed to `!ht'.

[10 <F:/Internship/1st Doc/sch.jpg>]
Overfull \hbox (2.2387pt too wide) in paragraph at lines 201--202
[]\OT1/cmr/m/n/10.95 http://batteryuniversity.com/learn/article/sharing[]batter
y[]knowledge 
 []

[11 <F:/Internship/1st Doc/pcb.jpg>] ("F:\Internship\1st Doc\document.aux") ) 
Here is how much of TeX's memory you used:
 1198 strings out of 493921
 15640 string characters out of 3147276
 67031 words of memory out of 3000000
 4519 multiletter control sequences out of 15000+200000
 8811 words of font info for 31 fonts, out of 3000000 for 9000
 841 hyphenation exceptions out of 8191
 27i,7n,19p,643b,216s stack positions out of 5000i,500n,10000p,200000b,50000s
<C
:/Program Files/MiKTeX 2.9/fonts/type1/public/amsfonts/cm/cmbx10.pfb><C:/Progra
m Files/MiKTeX 2.9/fonts/type1/public/amsfonts/cm/cmbx12.pfb><C:/Program Files/
MiKTeX 2.9/fonts/type1/public/amsfonts/cm/cmr10.pfb><C:/Program Files/MiKTeX 2.
9/fonts/type1/public/amsfonts/cm/cmr12.pfb><C:/Program Files/MiKTeX 2.9/fonts/t
ype1/public/amsfonts/cm/cmr17.pfb><C:/Program Files/MiKTeX 2.9/fonts/type1/publ
ic/amsfonts/cm/cmsy10.pfb>
Output written on document.pdf (11 pages, 651203 bytes).
PDF statistics:
 71 PDF objects out of 1000 (max. 8388607)
 0 named destinations out of 1000 (max. 500000)
 46 words of extra memory for PDF output out of 10000 (max. 10000000)

