This is pdfTeX, Version 3.1415926-2.5-1.40.14 (MiKTeX 2.9 64-bit) (preloaded format=pdflatex 2015.5.24)  4 JUN 2015 15:00
entering extended mode
**Ta0.tex
(F:\Internship\Task0\Ta0.tex
LaTeX2e <2011/06/27>
Babel <v3.8m> and hyphenation patterns for english, afrikaans, ancientgreek, ar
abic, armenian, assamese, basque, bengali, bokmal, bulgarian, catalan, coptic, 
croatian, czech, danish, dutch, esperanto, estonian, farsi, finnish, french, ga
lician, german, german-x-2013-05-26, greek, gujarati, hindi, hungarian, iceland
ic, indonesian, interlingua, irish, italian, kannada, kurmanji, latin, latvian,
 lithuanian, malayalam, marathi, mongolian, mongolianlmc, monogreek, ngerman, n
german-x-2013-05-26, nynorsk, oriya, panjabi, pinyin, polish, portuguese, roman
ian, russian, sanskrit, serbian, slovak, slovenian, spanish, swedish, swissgerm
an, tamil, telugu, turkish, turkmen, ukenglish, ukrainian, uppersorbian, usengl
ishmax, welsh, loaded.
("C:\Program Files\MiKTeX 2.9\tex\latex\base\article.cls"
Document Class: article 2007/10/19 v1.4h Standard LaTeX document class
("C:\Program Files\MiKTeX 2.9\tex\latex\base\size11.clo"
File: size11.clo 2007/10/19 v1.4h Standard LaTeX file (size option)
)
\c@part=\count79
\c@section=\count80
\c@subsection=\count81
\c@subsubsection=\count82
\c@paragraph=\count83
\c@subparagraph=\count84
\c@figure=\count85
\c@table=\count86
\abovecaptionskip=\skip41
\belowcaptionskip=\skip42
\bibindent=\dimen102
)
("C:\Program Files\MiKTeX 2.9\tex\latex\graphics\graphicx.sty"
Package: graphicx 1999/02/16 v1.0f Enhanced LaTeX Graphics (DPC,SPQR)

("C:\Program Files\MiKTeX 2.9\tex\latex\graphics\keyval.sty"
Package: keyval 1999/03/16 v1.13 key=value parser (DPC)
\KV@toks@=\toks14
)
("C:\Program Files\MiKTeX 2.9\tex\latex\graphics\graphics.sty"
Package: graphics 2009/02/05 v1.0o Standard LaTeX Graphics (DPC,SPQR)

("C:\Program Files\MiKTeX 2.9\tex\latex\graphics\trig.sty"
Package: trig 1999/03/16 v1.09 sin cos tan (DPC)
)
("C:\Program Files\MiKTeX 2.9\tex\latex\00miktex\graphics.cfg"
File: graphics.cfg 2007/01/18 v1.5 graphics configuration of teTeX/TeXLive
)
Package graphics Info: Driver file: pdftex.def on input line 91.

("C:\Program Files\MiKTeX 2.9\tex\latex\pdftex-def\pdftex.def"
File: pdftex.def 2011/05/27 v0.06d Graphics/color for pdfTeX

("C:\Program Files\MiKTeX 2.9\tex\generic\oberdiek\infwarerr.sty"
Package: infwarerr 2010/04/08 v1.3 Providing info/warning/error messages (HO)
)
("C:\Program Files\MiKTeX 2.9\tex\generic\oberdiek\ltxcmds.sty"
Package: ltxcmds 2011/11/09 v1.22 LaTeX kernel commands for general use (HO)
)
\Gread@gobject=\count87
))
\Gin@req@height=\dimen103
\Gin@req@width=\dimen104
)
("C:\Program Files\MiKTeX 2.9\tex\latex\url\url.sty"
\Urlmuskip=\muskip10
Package: url 2013/09/16  ver 3.4  Verb mode for urls, etc.
)
(F:\Internship\Task0\Ta0.aux)
LaTeX Font Info:    Checking defaults for OML/cmm/m/it on input line 9.
LaTeX Font Info:    ... okay on input line 9.
LaTeX Font Info:    Checking defaults for T1/cmr/m/n on input line 9.
LaTeX Font Info:    ... okay on input line 9.
LaTeX Font Info:    Checking defaults for OT1/cmr/m/n on input line 9.
LaTeX Font Info:    ... okay on input line 9.
LaTeX Font Info:    Checking defaults for OMS/cmsy/m/n on input line 9.
LaTeX Font Info:    ... okay on input line 9.
LaTeX Font Info:    Checking defaults for OMX/cmex/m/n on input line 9.
LaTeX Font Info:    ... okay on input line 9.
LaTeX Font Info:    Checking defaults for U/cmr/m/n on input line 9.
LaTeX Font Info:    ... okay on input line 9.

("C:\Program Files\MiKTeX 2.9\tex\context\base\supp-pdf.mkii"
[Loading MPS to PDF converter (version 2006.09.02).]
\scratchcounter=\count88
\scratchdimen=\dimen105
\scratchbox=\box26
\nofMPsegments=\count89
\nofMParguments=\count90
\everyMPshowfont=\toks15
\MPscratchCnt=\count91
\MPscratchDim=\dimen106
\MPnumerator=\count92
\makeMPintoPDFobject=\count93
\everyMPtoPDFconversion=\toks16
)
LaTeX Font Info:    External font `cmex10' loaded for size
(Font)              <12> on input line 10.
LaTeX Font Info:    External font `cmex10' loaded for size
(Font)              <8> on input line 10.
LaTeX Font Info:    External font `cmex10' loaded for size
(Font)              <6> on input line 10.
 [1

{C:/ProgramData/MiKTeX/2.9/pdftex/config/pdftex.map}]
(F:\Internship\Task0\Ta0.toc)
\tf@toc=\write3
 [2] <os.JPG, id=13, 188.705pt x 321.2pt>
File: os.JPG Graphic file (type jpg)

<use os.JPG>
Package pdftex.def Info: os.JPG used on input line 19.
(pdftex.def)             Requested size: 150.96419pt x 256.96034pt.
LaTeX Font Info:    Try loading font information for OMS+cmr on input line 26.
 ("C:\Program Files\MiKTeX 2.9\tex\latex\base\omscmr.fd"
File: omscmr.fd 1999/05/25 v2.5h Standard LaTeX font definitions
)
LaTeX Font Info:    Font shape `OMS/cmr/m/n' in size <10.95> not available
(Font)              Font shape `OMS/cmsy/m/n' tried instead on input line 26.
 [3 <F:/Internship/Task0/os.JPG>]
Missing character: There is no â in font cmr10!
Missing character: There is no € in font cmr10!
Missing character: There is no “ in font cmr10!
Missing character: There is no â in font cmr10!
Missing character: There is no € in font cmr10!
Missing character: There is no “ in font cmr10!
 [4] [5]
Missing character: There is no â in font cmr10!
Missing character: There is no € in font cmr10!
Missing character: There is no “ in font cmr10!
Missing character: There is no â in font cmr10!
Missing character: There is no € in font cmr10!
Missing character: There is no “ in font cmr10!
 [6] [7]
<dos.png, id=31, 302.12875pt x 167.62625pt>
File: dos.png Graphic file (type png)
 <use dos.png>
Package pdftex.def Info: dos.png used on input line 108.
(pdftex.def)             Requested size: 256.0748pt x 142.07373pt.
 [8 <F:/Internship/Task0/dos.png>] <UnixGreen.JPG, id=36, 447.92343pt x 338.765
63pt>
File: UnixGreen.JPG Graphic file (type jpg)

<use UnixGreen.JPG>
Package pdftex.def Info: UnixGreen.JPG used on input line 115.
(pdftex.def)             Requested size: 256.0748pt x 193.67218pt.
 <BSD.png, id=37, 501.875pt x 360.34625pt>
File: BSD.png Graphic file (type png)
 <use BSD.png>
Package pdftex.def Info: BSD.png used on input line 121.
(pdftex.def)             Requested size: 256.0748pt x 183.86763pt.

[9 <F:/Internship/Task0/UnixGreen.JPG> <F:/Internship/Task0/BSD.png>]
<mac.jpg, id=43, 285.065pt x 177.66376pt>
File: mac.jpg Graphic file (type jpg)
 <use mac.jpg>
Package pdftex.def Info: mac.jpg used on input line 129.
(pdftex.def)             Requested size: 256.0748pt x 159.59499pt.
 [10 <F:/Internship/Task0/mac.jpg>] <windows.jpg, id=47, 237.88875pt x 213.7987
5pt>
File: windows.jpg Graphic file (type jpg)
 <use windows.jpg>
Package pdftex.def Info: windows.jpg used on input line 136.
(pdftex.def)             Requested size: 256.0748pt x 230.1554pt.

[11 <F:/Internship/Task0/windows.jpg>]
<linux.jpg, id=51, 285.065pt x 177.66376pt>
File: linux.jpg Graphic file (type jpg)
 <use linux.jpg>
Package pdftex.def Info: linux.jpg used on input line 143.
(pdftex.def)             Requested size: 256.0748pt x 159.59499pt.
 [12 <F:/Internship/Task0/linux.jpg>] <d.jpg, id=55, 285.065pt x 177.66376pt>
File: d.jpg Graphic file (type jpg)
 <use d.jpg>
Package pdftex.def Info: d.jpg used on input line 154.
(pdftex.def)             Requested size: 256.0748pt x 159.59499pt.
 [13 <F:/Internship/Task0/d.jpg>] <ras.jpg, id=60, 1117.17375pt x 602.25pt>
File: ras.jpg Graphic file (type jpg)

<use ras.jpg>
Package pdftex.def Info: ras.jpg used on input line 162.
(pdftex.def)             Requested size: 256.0748pt x 138.04591pt.
 [14 <F:/Internship/Task0/ras.jpg>]
LaTeX Font Info:    External font `cmex10' loaded for size
(Font)              <10.95> on input line 170.

Overfull \hbox (6.54764pt too wide) in paragraph at lines 172--173
[]$\OT1/cmtt/m/n/10.95 http : / / operatingsystemfundas . blogspot . in / 2012 
/ 05 / post1 . html$ 
 []


Overfull \hbox (41.03976pt too wide) in paragraph at lines 177--178
[]$\OT1/cmtt/m/n/10.95 http : / / teeksaphoto . org / Archive / DigitalTimeline
 / NewTimelineImages /$
 []


Overfull \hbox (29.54239pt too wide) in paragraph at lines 178--179
[]$\OT1/cmtt/m/n/10.95 http : / / ibg . colorado . edu / []lessem / psyc5112 / 
usail / concepts / images /$
 []


Overfull \hbox (129.77008pt too wide) in paragraph at lines 179--180
[]$\OT1/cmtt/m/n/10.95 http : / / screenshots . en . sftcdn . net / en / scrn /
 323000 / 323400 / mac-[]os-[]x-[]lion-[]04-[]700x437 .$
 []


Overfull \hbox (24.2937pt too wide) in paragraph at lines 180--181
[]$\OT1/cmtt/m/n/10.95 http : / / jervisdabreo . com / thetechcorner / wp-[]con
tent / uploads / 2013 /$
 []


Overfull \hbox (89.02927pt too wide) in paragraph at lines 181--182
[]$\OT1/cmtt/m/n/10.95 https : / / www . bluewhaleseo . com / wp-[]content / ga
llery / using-[]fedora-[]for-[]studies /$
 []


Overfull \hbox (12.29633pt too wide) in paragraph at lines 182--183
[]$\OT1/cmtt/m/n/10.95 https : / / wallpaperscraft . com / download / debian _ 
os _ linux _ orange _$
 []


Overfull \hbox (1.29895pt too wide) in paragraph at lines 183--184
[]$\OT1/cmtt/m/n/10.95 http : / / s2 . glbimg . com / EFnaRlP1eK-[]ZQMWYRubERqp
c4GQ = /0x600 / s .$
 []


Overfull \hbox (6.54764pt too wide) in paragraph at lines 183--184
$\OT1/cmtt/m/n/10.95 glbimg . com / po / tt2 / f / original / 2013 / 02 / 26 / 
raspbian _ wheezy _ 03 .$
 []

[15] (F:\Internship\Task0\Ta0.aux) ) 
Here is how much of TeX's memory you used:
 1274 strings out of 493921
 16460 string characters out of 3147276
 69153 words of memory out of 3000000
 4587 multiletter control sequences out of 15000+200000
 8672 words of font info for 31 fonts, out of 3000000 for 9000
 841 hyphenation exceptions out of 8191
 27i,7n,19p,967b,292s stack positions out of 5000i,500n,10000p,200000b,50000s
<C:/Program Files/MiKTeX 2.9/fonts/type1/pu
blic/amsfonts/cm/cmbx10.pfb><C:/Program Files/MiKTeX 2.9/fonts/type1/public/ams
fonts/cm/cmbx12.pfb><C:/Program Files/MiKTeX 2.9/fonts/type1/public/amsfonts/cm
/cmr10.pfb><C:/Program Files/MiKTeX 2.9/fonts/type1/public/amsfonts/cm/cmr12.pf
b><C:/Program Files/MiKTeX 2.9/fonts/type1/public/amsfonts/cm/cmr17.pfb><C:/Pro
gram Files/MiKTeX 2.9/fonts/type1/public/amsfonts/cm/cmsy10.pfb><C:/Program Fil
es/MiKTeX 2.9/fonts/type1/public/amsfonts/cm/cmtt10.pfb>
Output written on Ta0.pdf (15 pages, 352896 bytes).
PDF statistics:
 92 PDF objects out of 1000 (max. 8388607)
 0 named destinations out of 1000 (max. 500000)
 46 words of extra memory for PDF output out of 10000 (max. 10000000)

