This is pdfTeX, Version 3.1415926-2.5-1.40.14 (MiKTeX 2.9 64-bit) (preloaded format=pdflatex 2015.5.24)  5 JUN 2015 12:19
entering extended mode
**T3.tex
(F:\Internship\Task3\T3.tex
LaTeX2e <2011/06/27>
Babel <v3.8m> and hyphenation patterns for english, afrikaans, ancientgreek, ar
abic, armenian, assamese, basque, bengali, bokmal, bulgarian, catalan, coptic, 
croatian, czech, danish, dutch, esperanto, estonian, farsi, finnish, french, ga
lician, german, german-x-2013-05-26, greek, gujarati, hindi, hungarian, iceland
ic, indonesian, interlingua, irish, italian, kannada, kurmanji, latin, latvian,
 lithuanian, malayalam, marathi, mongolian, mongolianlmc, monogreek, ngerman, n
german-x-2013-05-26, nynorsk, oriya, panjabi, pinyin, polish, portuguese, roman
ian, russian, sanskrit, serbian, slovak, slovenian, spanish, swedish, swissgerm
an, tamil, telugu, turkish, turkmen, ukenglish, ukrainian, uppersorbian, usengl
ishmax, welsh, loaded.
("C:\Program Files\MiKTeX 2.9\tex\latex\base\article.cls"
Document Class: article 2007/10/19 v1.4h Standard LaTeX document class
("C:\Program Files\MiKTeX 2.9\tex\latex\base\size11.clo"
File: size11.clo 2007/10/19 v1.4h Standard LaTeX file (size option)
)
\c@part=\count79
\c@section=\count80
\c@subsection=\count81
\c@subsubsection=\count82
\c@paragraph=\count83
\c@subparagraph=\count84
\c@figure=\count85
\c@table=\count86
\abovecaptionskip=\skip41
\belowcaptionskip=\skip42
\bibindent=\dimen102
)
("C:\Program Files\MiKTeX 2.9\tex\latex\graphics\graphicx.sty"
Package: graphicx 1999/02/16 v1.0f Enhanced LaTeX Graphics (DPC,SPQR)

("C:\Program Files\MiKTeX 2.9\tex\latex\graphics\keyval.sty"
Package: keyval 1999/03/16 v1.13 key=value parser (DPC)
\KV@toks@=\toks14
)
("C:\Program Files\MiKTeX 2.9\tex\latex\graphics\graphics.sty"
Package: graphics 2009/02/05 v1.0o Standard LaTeX Graphics (DPC,SPQR)

("C:\Program Files\MiKTeX 2.9\tex\latex\graphics\trig.sty"
Package: trig 1999/03/16 v1.09 sin cos tan (DPC)
)
("C:\Program Files\MiKTeX 2.9\tex\latex\00miktex\graphics.cfg"
File: graphics.cfg 2007/01/18 v1.5 graphics configuration of teTeX/TeXLive
)
Package graphics Info: Driver file: pdftex.def on input line 91.

("C:\Program Files\MiKTeX 2.9\tex\latex\pdftex-def\pdftex.def"
File: pdftex.def 2011/05/27 v0.06d Graphics/color for pdfTeX

("C:\Program Files\MiKTeX 2.9\tex\generic\oberdiek\infwarerr.sty"
Package: infwarerr 2010/04/08 v1.3 Providing info/warning/error messages (HO)
)
("C:\Program Files\MiKTeX 2.9\tex\generic\oberdiek\ltxcmds.sty"
Package: ltxcmds 2011/11/09 v1.22 LaTeX kernel commands for general use (HO)
)
\Gread@gobject=\count87
))
\Gin@req@height=\dimen103
\Gin@req@width=\dimen104
)
("C:\Program Files\MiKTeX 2.9\tex\latex\listings\listings.sty"
\lst@mode=\count88
\lst@gtempboxa=\box26
\lst@token=\toks15
\lst@length=\count89
\lst@currlwidth=\dimen105
\lst@column=\count90
\lst@pos=\count91
\lst@lostspace=\dimen106
\lst@width=\dimen107
\lst@newlines=\count92
\lst@lineno=\count93
\lst@maxwidth=\dimen108

("C:\Program Files\MiKTeX 2.9\tex\latex\listings\lstmisc.sty"
File: lstmisc.sty 2014/09/06 1.5e (Carsten Heinz)
\c@lstnumber=\count94
\lst@skipnumbers=\count95
\lst@framebox=\box27
)
("C:\Program Files\MiKTeX 2.9\tex\latex\listings\listings.cfg"
File: listings.cfg 2014/09/06 1.5e listings configuration
))
Package: listings 2014/09/06 1.5e (Carsten Heinz)

("C:\Program Files\MiKTeX 2.9\tex\latex\url\url.sty"
\Urlmuskip=\muskip10
Package: url 2013/09/16  ver 3.4  Verb mode for urls, etc.
)
(F:\Internship\Task3\T3.aux)
LaTeX Font Info:    Checking defaults for OML/cmm/m/it on input line 10.
LaTeX Font Info:    ... okay on input line 10.
LaTeX Font Info:    Checking defaults for T1/cmr/m/n on input line 10.
LaTeX Font Info:    ... okay on input line 10.
LaTeX Font Info:    Checking defaults for OT1/cmr/m/n on input line 10.
LaTeX Font Info:    ... okay on input line 10.
LaTeX Font Info:    Checking defaults for OMS/cmsy/m/n on input line 10.
LaTeX Font Info:    ... okay on input line 10.
LaTeX Font Info:    Checking defaults for OMX/cmex/m/n on input line 10.
LaTeX Font Info:    ... okay on input line 10.
LaTeX Font Info:    Checking defaults for U/cmr/m/n on input line 10.
LaTeX Font Info:    ... okay on input line 10.

("C:\Program Files\MiKTeX 2.9\tex\context\base\supp-pdf.mkii"
[Loading MPS to PDF converter (version 2006.09.02).]
\scratchcounter=\count96
\scratchdimen=\dimen109
\scratchbox=\box28
\nofMPsegments=\count97
\nofMParguments=\count98
\everyMPshowfont=\toks16
\MPscratchCnt=\count99
\MPscratchDim=\dimen110
\MPnumerator=\count100
\makeMPintoPDFobject=\count101
\everyMPtoPDFconversion=\toks17
)
\c@lstlisting=\count102
LaTeX Font Info:    External font `cmex10' loaded for size
(Font)              <12> on input line 11.
LaTeX Font Info:    External font `cmex10' loaded for size
(Font)              <8> on input line 11.
LaTeX Font Info:    External font `cmex10' loaded for size
(Font)              <6> on input line 11.
 [1

{C:/ProgramData/MiKTeX/2.9/pdftex/config/pdftex.map}]
(F:\Internship\Task3\T3.toc
LaTeX Font Info:    External font `cmex10' loaded for size
(Font)              <10.95> on input line 7.
)
\tf@toc=\write3
 [2]
LaTeX Font Info:    Try loading font information for OMS+cmr on input line 19.

("C:\Program Files\MiKTeX 2.9\tex\latex\base\omscmr.fd"
File: omscmr.fd 1999/05/25 v2.5h Standard LaTeX font definitions
)
LaTeX Font Info:    Font shape `OMS/cmr/m/n' in size <10.95> not available
(Font)              Font shape `OMS/cmsy/m/n' tried instead on input line 19.
 [3]
<j8h.png, id=17, 501.875pt x 150.5625pt>
File: j8h.png Graphic file (type png)
 <use j8h.png>
Package pdftex.def Info: j8h.png used on input line 64.
(pdftex.def)             Requested size: 351.31009pt x 105.39302pt.
 [4 <F:/Internship/Task3/j8h.png>] <RaspberryPi2_pinout.jpg, id=21, 570.13pt x 
415.5525pt>
File: RaspberryPi2_pinout.jpg Graphic file (type jpg)

<use RaspberryPi2_pinout.jpg>
Package pdftex.def Info: RaspberryPi2_pinout.jpg used on input line 72.
(pdftex.def)             Requested size: 342.08064pt x 249.33342pt.
 [5 <F:/Internship/Task3/RaspberryPi2_pinout.jpg>] <idle3.png, id=25, 602.25pt 
x 589.20125pt>
File: idle3.png Graphic file (type png)
 <use idle3.png>
Package pdftex.def Info: idle3.png used on input line 96.
(pdftex.def)             Requested size: 284.53705pt x 227.62085pt.

<py.png, id=26, 1028.34187pt x 548.0475pt>
File: py.png Graphic file (type png)
 <use py.png>
Package pdftex.def Info: py.png used on input line 111.
(pdftex.def)             Requested size: 411.32947pt x 219.2151pt.

Overfull \hbox (51.32947pt too wide) in paragraph at lines 111--113
 [][] 
 []


LaTeX Warning: `!h' float specifier changed to `!ht'.

[6 <F:/Internship/Task3/idle3.png>] <1.png, id=32, 1026.83624pt x 536.75531pt>
File: 1.png Graphic file (type png)

<use 1.png>
Package pdftex.def Info: 1.png used on input line 117.
(pdftex.def)             Requested size: 410.72722pt x 214.6983pt.

Overfull \hbox (50.72722pt too wide) in paragraph at lines 117--119
 [][] 
 []

[7 <F:/Internship/Task3/py.png> <F:/Internship/Task3/1.png>]
<2.png, id=39, 1028.34187pt x 548.0475pt>
File: 2.png Graphic file (type png)
 <use 2.png>
Package pdftex.def Info: 2.png used on input line 126.
(pdftex.def)             Requested size: 411.32947pt x 219.2151pt.

Overfull \hbox (51.32947pt too wide) in paragraph at lines 126--128
 [][] 
 []

[8 <F:/Internship/Task3/2.png>] <3.png, id=45, 1028.34187pt x 548.0475pt>
File: 3.png Graphic file (type png)

<use 3.png>
Package pdftex.def Info: 3.png used on input line 136.
(pdftex.def)             Requested size: 411.32947pt x 219.2151pt.

Overfull \hbox (51.32947pt too wide) in paragraph at lines 136--138
 [][] 
 []

[9 <F:/Internship/Task3/3.png>] <4.png, id=50, 1028.34187pt x 548.80031pt>
File: 4.png Graphic file (type png)

<use 4.png>
Package pdftex.def Info: 4.png used on input line 150.
(pdftex.def)             Requested size: 411.32947pt x 219.51622pt.

Overfull \hbox (51.32947pt too wide) in paragraph at lines 150--152
 [][] 
 []

<5.png, id=51, 1028.34187pt x 548.0475pt>
File: 5.png Graphic file (type png)
 <use 5.png>
Package pdftex.def Info: 5.png used on input line 155.
(pdftex.def)             Requested size: 411.32947pt x 219.2151pt.

Overfull \hbox (51.32947pt too wide) in paragraph at lines 155--157
 [][] 
 []

[10 <F:/Internship/Task3/4.png> <F:/Internship/Task3/5.png>] [11]
<Led.png, id=60, 597.73312pt x 411.78844pt>
File: Led.png Graphic file (type png)
 <use Led.png>
Package pdftex.def Info: Led.png used on input line 175.
(pdftex.def)             Requested size: 239.089pt x 164.71245pt.
 [12 <F:/Internship/Task3/Led.png>] ("C:\Program Files\MiKTeX 2.9\tex\latex\lis
tings\lstlang1.sty"
File: lstlang1.sty 2014/09/06 1.5e listings language file
)
(F:\Internship\Task3\ledblink.py
Overfull \hbox (34.2041pt too wide) in paragraph at lines 1--2
[][][][][][][][][][][][][][][][][][][][][][][][][] 
 []


Overfull \hbox (27.63403pt too wide) in paragraph at lines 6--7
[][][][][][][][][][][][][][][][][][][][][][][][][] 
 []


Overfull \hbox (21.06396pt too wide) in paragraph at lines 10--11
[][][][][][][][][][][][][][][][][][][][][] 
 []

) [13] <pb.png, id=69, 371.88937pt x 266.49562pt>
File: pb.png Graphic file (type png)
 <use pb.png>
Package pdftex.def Info: pb.png used on input line 195.
(pdftex.def)             Requested size: 223.13533pt x 159.89859pt.

(F:\Internship\Task3\Pushbutton.py
Overfull \hbox (34.2041pt too wide) in paragraph at lines 1--2
[][][][][][][][][][][][][][][][][][][][][][][][][] 
 []


Overfull \hbox (113.04492pt too wide) in paragraph at lines 7--8
[][][][][][][][][][][][][][][][][][][][][][][][][][][][][] 
 []


Overfull \hbox (106.47485pt too wide) in paragraph at lines 8--9
[][][][][][][][][][][][][][][][][][][][][][][][][][][][][][] 
 []


Overfull \hbox (34.2041pt too wide) in paragraph at lines 12--13
[][][][][][][][][][][][][][][][][][][][][][][] 
 []


Overfull \hbox (47.34424pt too wide) in paragraph at lines 13--14
[][][][][][][][][][][][][][][][] 
 []


Overfull \hbox (53.9143pt too wide) in paragraph at lines 16--17
[][][][][][][][][][][][][][][][][][][][][][][] 
 []


Overfull \hbox (40.77417pt too wide) in paragraph at lines 17--18
[][][][][][][][][][][][][][][][][][][][] 
 []

) [14 <F:/Internship/Task3/pb.png>]
<GPIO.png, id=74, 478.78876pt x 355.3275pt>
File: GPIO.png Graphic file (type png)
 <use GPIO.png>
Package pdftex.def Info: GPIO.png used on input line 215.
(pdftex.def)             Requested size: 191.5121pt x 142.12846pt.
 [15 <F:/Internship/Task3/GPIO.png>] (F:\Internship\Task3\T3.aux) ) 
Here is how much of TeX's memory you used:
 2690 strings out of 493921
 36598 string characters out of 3147276
 122798 words of memory out of 3000000
 5977 multiletter control sequences out of 15000+200000
 9325 words of font info for 33 fonts, out of 3000000 for 9000
 841 hyphenation exceptions out of 8191
 27i,7n,43p,431b,1092s stack positions out of 5000i,500n,10000p,200000b,50000s
<C:/Program 
Files/MiKTeX 2.9/fonts/type1/public/amsfonts/cm/cmbx10.pfb><C:/Program Files/Mi
KTeX 2.9/fonts/type1/public/amsfonts/cm/cmbx12.pfb><C:/Program Files/MiKTeX 2.9
/fonts/type1/public/amsfonts/cm/cmr10.pfb><C:/Program Files/MiKTeX 2.9/fonts/ty
pe1/public/amsfonts/cm/cmr12.pfb><C:/Program Files/MiKTeX 2.9/fonts/type1/publi
c/amsfonts/cm/cmr17.pfb><C:/Program Files/MiKTeX 2.9/fonts/type1/public/amsfont
s/cm/cmsy10.pfb><C:/Program Files/MiKTeX 2.9/fonts/type1/public/amsfonts/cm/cmt
i10.pfb><C:/Program Files/MiKTeX 2.9/fonts/type1/public/amsfonts/cm/cmtt10.pfb>

Output written on T3.pdf (15 pages, 918708 bytes).
PDF statistics:
 105 PDF objects out of 1000 (max. 8388607)
 0 named destinations out of 1000 (max. 500000)
 61 words of extra memory for PDF output out of 10000 (max. 10000000)

